3dfx
3dnow
3dnowext
X
Xaw3d
a52
aac
aalib
accessibility
acl
acpi
adns
afs
aim
alsa
altivec
ao
apache2
apm
aqua
atm
audiofile
avahi
avx
avx2
ayatana
bash-completion
bcmath
berkdb
bidi
bindist
blas
bluetooth
bootstrap
boundschecking
branding
bsf
build
bzip2
cairo
calendar
canna
caps
cdb
cdda
cddb
cdinstall
cdparanoia
cdr
cgi
cjk
clamav
connman
coreaudio
cracklib
crypt
cscope
css
ctype
cups
curl
curlwrappers
custom-cflags
cvs
cxx
dbi
dbm
dbus
debug
dedicated
dga
directfb
djvu
doc
dri
dts
dv
dvb
dvd
dvdr
eds
emacs
emboss
encode
enscript
evo
examples
exif
expat
fam
fastcgi
fbcon
ffmpeg
fftw
filecaps
firebird
flac
flatfile
fltk
fontconfig
foomaticdb
fortran
freetds
freewnn
frontbase
ftp
gcj
gd
gdbm
geoip
ggi
gif
gimp
git
glut
gmp
gnome
gnome-keyring
gnuplot
gnutls
gphoto2
gpm
gps
graphviz
gsl
gsm
gstreamer
gtk
gtkhtml
guile
gzip
handbook
hardened
hddtemp
hdf5
hscolour
ibm
iconv
icq
icu
idn
ieee1394
imagemagick
imap
imlib
infiniband
inifile
inotify
introspection
iodbc
ios
ipod
ipv6
iwmmxt
jabber
jack
java
java6
javascript
jbig
jingle
jit
joystick
jpeg
jpeg2k
kde
kerberos
kolab
kontact
ladspa
lame
lapack
lash
latex
lcms
ldap
libass
libcaca
libedit
libffi
libnotify
libsamplerate
libwww
lirc
livecd
lm_sensors
lua
lzma
lzo
m17n-lib
mad
maildir
matroska
matrox
mbox
memlimit
mhash
migemo
mikmod
milter
mime
minimal
mmap
mms
mmx
mmxext
mng
modplug
modules
mono
motif
mozilla
mp3
mp4
mpeg
mpi
mplayer
msn
mssql
mtp
mule
multilib
musepack
musicbrainz
mysql
mysqli
nas
ncurses
neXt
neon
netboot
netcdf
networkmanager
nis
nls
nntp
nocd
nptl
nsplugin
ocaml
ocamlopt
oci8
oci8-instant-client
odbc
offensive
ofx
ogg
old-linux
openal
openexr
opengl
openmp
oracle
orc
osc
oscar
oss
pam
pch
pcmcia
pcntl
pcre
pda
pdf
perl
php
pie
plasma
plotutils
png
policykit
portaudio
posix
postgres
postscript
ppds
prefix
prelude
profile
pulseaudio
python
qdbm
qmail-spp
qt4
qt5
quicktime
radius
raw
rdesktop
readline
recode
rss
ruby
samba
sasl
savedconfig
scanner
sdl
seamonkey
selinux
semantic-desktop
session
sharedmem
shorten
simplexml
skey
slang
slp
smartcard
smp
sndfile
snmp
soap
sockets
socks5
sound
source
sox
speex
spell
sqlite
sqlite3
sse
sse2
sse3
ssse3
sse4_1
ssl
startup-notification
static
static-libs
subversion
suid
svg
svga
sybase
sybase-ct
symlink
syslog
systemd
sysvipc
szip
taglib
tcl
tcmalloc
tcpd
test
theora
threads
tidy
tiff
timidity
tk
tokenizer
truetype
uclibc
udev
udisks
unicode
upnp
upnp-av
upower
usb
v4l
vaapi
vala
vanilla
vcd
vdpau
vhosts
videos
vim-syntax
vnc
vorbis
wayland
wavpack
wddx
webkit
wifi
wmf
wxwidgets
x264
xattr
xcb
xcomposite
xemacs
xface
xft
xine
xinerama
xinetd
xml
xmlrpc
xmp
xmpp
xosd
xpm
xscreensaver
xsl
xv
xvid
yahoo
yaz
zeroconf
zlib
zsh-completion
